<?xml version="1.0" encoding="UTF-8"?>
<testng-results ignored="0" total="2" passed="2" failed="0" skipped="0">
  <reporter-output>
  </reporter-output>
  <suite started-at="2023-12-19T19:24:32 IST" name="Default suite" finished-at="2023-12-19T19:25:01 IST" duration-ms="28791">
    <groups>
    </groups>
    <test started-at="2023-12-19T19:24:32 IST" name="Default test" finished-at="2023-12-19T19:25:01 IST" duration-ms="28791">
      <class name="com.harshi.Testng.AmazonSearchTest_amazon">
        <test-method is-config="true" signature="beforeClass()[pri:0, instance:com.harshi.Testng.AmazonSearchTest_amazon@1e0b4072]" started-at="2023-12-19T19:24:32 IST" name="beforeClass" finished-at="2023-12-19T19:24:49 IST" duration-ms="17080" status="PASS">
          <reporter-output>
          </reporter-output>
        </test-method> <!-- beforeClass -->
        <test-method signature="testSearch1()[pri:0, instance:com.harshi.Testng.AmazonSearchTest_amazon@1e0b4072]" started-at="2023-12-19T19:24:49 IST" name="testSearch1" description="Search Iphone 15 pro max" finished-at="2023-12-19T19:24:52 IST" duration-ms="3014" status="PASS">
          <reporter-output>
          </reporter-output>
        </test-method> <!-- testSearch1 -->
        <test-method signature="testSearch2()[pri:0, instance:com.harshi.Testng.AmazonSearchTest_amazon@1e0b4072]" started-at="2023-12-19T19:24:52 IST" name="testSearch2" description="Search Apple Mac book" finished-at="2023-12-19T19:24:54 IST" duration-ms="2341" status="PASS">
          <reporter-output>
          </reporter-output>
        </test-method> <!-- testSearch2 -->
        <test-method is-config="true" signature="afterClass()[pri:0, instance:com.harshi.Testng.AmazonSearchTest_amazon@1e0b4072]" started-at="2023-12-19T19:24:54 IST" name="afterClass" finished-at="2023-12-19T19:25:01 IST" duration-ms="6193" status="PASS">
          <reporter-output>
          </reporter-output>
        </test-method> <!-- afterClass -->
      </class> <!-- com.harshi.Testng.AmazonSearchTest_amazon -->
    </test> <!-- Default test -->
  </suite> <!-- Default suite -->
</testng-results>
